<?xml version="1.0" encoding="UTF-8"?>
<testsuite name="tourGuide.TestPerformance" tests="3" skipped="0" failures="1" errors="0" timestamp="2022-07-22T12:44:19" hostname="DESKTOP-OEAMAVL" time="4120.361">
  <properties/>
  <testcase name="highVolumeTrackLocationAndProcessConc" classname="tourGuide.TestPerformance" time="408.443"/>
  <testcase name="highVolumeTrackLocation" classname="tourGuide.TestPerformance" time="325.382"/>
  <testcase name="highVolumeGetRewards" classname="tourGuide.TestPerformance" time="3386.536">
    <failure message="java.lang.AssertionError" type="java.lang.AssertionError">java.lang.AssertionError
	at org.junit.Assert.fail(Assert.java:86)
	at org.junit.Assert.assertTrue(Assert.java:41)
	at org.junit.Assert.assertTrue(Assert.java:52)
	at tourGuide.TestPerformance.highVolumeGetRewards(TestPerformance.java:122)
	at sun.reflect.NativeMethodAccessorImpl.invoke0(Native Method)
	at sun.reflect.NativeMethodAccessorImpl.invoke(NativeMethodAccessorImpl.java:62)
	at sun.reflect.DelegatingMethodAccessorImpl.invoke(DelegatingMethodAccessorImpl.java:43)
	at java.lang.reflect.Method.invoke(Method.java:498)
	at org.junit.runners.model.FrameworkMethod$1.runReflectiveCall(FrameworkMethod.java:50)
	at org.junit.internal.runners.model.ReflectiveCallable.run(ReflectiveCallable.java:12)
	at org.junit.runners.model.FrameworkMethod.invokeExplosively(FrameworkMethod.java:47)
	at org.junit.internal.runners.statements.InvokeMethod.evaluate(InvokeMethod.java:17)
	at org.junit.runners.ParentRunner.runLeaf(ParentRunner.java:325)
	at org.junit.runners.BlockJUnit4ClassRunner.runChild(BlockJUnit4ClassRunner.java:78)
	at org.junit.runners.BlockJUnit4ClassRunner.runChild(BlockJUnit4ClassRunner.java:57)
	at org.junit.runners.ParentRunner$3.run(ParentRunner.java:290)
	at org.junit.runners.ParentRunner$1.schedule(ParentRunner.java:71)
	at org.junit.runners.ParentRunner.runChildren(ParentRunner.java:288)
	at org.junit.runners.ParentRunner.access$000(ParentRunner.java:58)
	at org.junit.runners.ParentRunner$2.evaluate(ParentRunner.java:268)
	at org.junit.runners.ParentRunner.run(ParentRunner.java:363)
	at org.gradle.api.internal.tasks.testing.junit.JUnitTestClassExecutor.runTestClass(JUnitTestClassExecutor.java:106)
	at org.gradle.api.internal.tasks.testing.junit.JUnitTestClassExecutor.execute(JUnitTestClassExecutor.java:58)
	at org.gradle.api.internal.tasks.testing.junit.JUnitTestClassExecutor.execute(JUnitTestClassExecutor.java:38)
	at org.gradle.api.internal.tasks.testing.junit.AbstractJUnitTestClassProcessor.processTestClass(AbstractJUnitTestClassProcessor.java:66)
	at org.gradle.api.internal.tasks.testing.SuiteTestClassProcessor.processTestClass(SuiteTestClassProcessor.java:51)
	at sun.reflect.NativeMethodAccessorImpl.invoke0(Native Method)
	at sun.reflect.NativeMethodAccessorImpl.invoke(NativeMethodAccessorImpl.java:62)
	at sun.reflect.DelegatingMethodAccessorImpl.invoke(DelegatingMethodAccessorImpl.java:43)
	at java.lang.reflect.Method.invoke(Method.java:498)
	at org.gradle.internal.dispatch.ReflectionDispatch.dispatch(ReflectionDispatch.java:35)
	at org.gradle.internal.dispatch.ReflectionDispatch.dispatch(ReflectionDispatch.java:24)
	at org.gradle.internal.dispatch.ContextClassLoaderDispatch.dispatch(ContextClassLoaderDispatch.java:32)
	at org.gradle.internal.dispatch.ProxyDispatchAdapter$DispatchingInvocationHandler.invoke(ProxyDispatchAdapter.java:93)
	at com.sun.proxy.$Proxy1.processTestClass(Unknown Source)
	at org.gradle.api.internal.tasks.testing.worker.TestWorker.processTestClass(TestWorker.java:109)
	at sun.reflect.NativeMethodAccessorImpl.invoke0(Native Method)
	at sun.reflect.NativeMethodAccessorImpl.invoke(NativeMethodAccessorImpl.java:62)
	at sun.reflect.DelegatingMethodAccessorImpl.invoke(DelegatingMethodAccessorImpl.java:43)
	at java.lang.reflect.Method.invoke(Method.java:498)
	at org.gradle.internal.dispatch.ReflectionDispatch.dispatch(ReflectionDispatch.java:35)
	at org.gradle.internal.dispatch.ReflectionDispatch.dispatch(ReflectionDispatch.java:24)
	at org.gradle.internal.remote.internal.hub.MessageHubBackedObjectConnection$DispatchWrapper.dispatch(MessageHubBackedObjectConnection.java:155)
	at org.gradle.internal.remote.internal.hub.MessageHubBackedObjectConnection$DispatchWrapper.dispatch(MessageHubBackedObjectConnection.java:137)
	at org.gradle.internal.remote.internal.hub.MessageHub$Handler.run(MessageHub.java:404)
	at org.gradle.internal.concurrent.ExecutorPolicy$CatchAndRecordFailures.onExecute(ExecutorPolicy.java:63)
	at org.gradle.internal.concurrent.ManagedExecutorImpl$1.run(ManagedExecutorImpl.java:46)
	at java.util.concurrent.ThreadPoolExecutor.runWorker(ThreadPoolExecutor.java:1149)
	at java.util.concurrent.ThreadPoolExecutor$Worker.run(ThreadPoolExecutor.java:624)
	at org.gradle.internal.concurrent.ThreadFactoryImpl$ManagedThreadRunnable.run(ThreadFactoryImpl.java:55)
	at java.lang.Thread.run(Thread.java:750)
</failure>
  </testcase>
  <system-out><![CDATA[14:44:19.622 [Test worker] INFO tourGuide.service.TourGuideService - TestMode enabled
14:44:19.632 [Test worker] DEBUG tourGuide.service.TourGuideService - Initializing users
14:44:20.386 [Test worker] DEBUG tourGuide.service.TourGuideService - Created 100000 internal test users.
14:44:20.386 [Test worker] DEBUG tourGuide.service.TourGuideService - Finished initializing users
14:44:20.449 [Test worker] DEBUG tourGuide.service.TourGuideService - trackAllUserLocationsAndProcess: Creating futures for 100000 user(s)
14:44:20.450 [pool-3-thread-1] DEBUG tourGuide.tracker.Tracker - Begin Tracker. Tracking 100000 users.
14:44:20.497 [Test worker] DEBUG tourGuide.service.TourGuideService - trackAllUserLocationsAndProcess: Futures created: 100000. Getting futures...
14:51:07.954 [Test worker] DEBUG tourGuide.service.TourGuideService - Done!
highVolumeTrackLocation: Time Elapsed: 407 seconds.
14:51:07.956 [Test worker] INFO tourGuide.service.TourGuideService - TestMode enabled
14:51:07.956 [Test worker] DEBUG tourGuide.service.TourGuideService - Initializing users
14:51:08.554 [Test worker] DEBUG tourGuide.service.TourGuideService - Created 100000 internal test users.
14:51:08.554 [Test worker] DEBUG tourGuide.service.TourGuideService - Finished initializing users
14:51:08.571 [Test worker] DEBUG tourGuide.service.TourGuideService - trackAllUserLocations: Creating futures for 100000 user(s)
14:51:08.571 [pool-6-thread-1] DEBUG tourGuide.tracker.Tracker - Begin Tracker. Tracking 100000 users.
14:51:08.595 [Test worker] DEBUG tourGuide.service.TourGuideService - trackAllUserLocations: Futures created: 100000. Getting futures...
14:56:33.338 [Test worker] DEBUG tourGuide.service.TourGuideService - trackAllUserLocations: Done!
highVolumeTrackLocation: Time Elapsed: 324 seconds.
14:56:33.338 [Test worker] INFO tourGuide.service.TourGuideService - TestMode enabled
14:56:33.338 [Test worker] DEBUG tourGuide.service.TourGuideService - Initializing users
14:56:33.635 [Test worker] DEBUG tourGuide.service.TourGuideService - Created 100000 internal test users.
14:56:33.636 [Test worker] DEBUG tourGuide.service.TourGuideService - Finished initializing users
Starting Adding Locations
14:56:33.641 [pool-9-thread-1] DEBUG tourGuide.tracker.Tracker - Begin Tracker. Tracking 100000 users.
Done Adding Locations
Starting Calculating Rewards
14:56:33.685 [Test worker] DEBUG tourGuide.service.TourGuideService - processAllUserRewards: Creating threads for 100000 user(s)
14:56:33.710 [Test worker] DEBUG tourGuide.service.TourGuideService - processAllUserRewards: Futures created: 100000. Getting futures...
15:44:59.025 [pool-8-thread-8] ERROR tourGuide.service.RewardsService - Calculate Rewards ExecutionException: java.util.concurrent.ExecutionException: java.lang.NullPointerException
15:52:59.856 [Test worker] DEBUG tourGuide.service.TourGuideService - processAllUserRewards: Done!
Done Calculating Rewards
Starting Asserting
Done Asserting
highVolumeGetRewards: Time Elapsed: 3386 seconds.
]]></system-out>
  <system-err><![CDATA[Jul 22, 2022 2:44:19 PM org.javamoney.moneta.DefaultMonetaryContextFactory createMonetaryContextNonNullConfig
INFO: Using custom MathContext: precision=256, roundingMode=HALF_EVEN
]]></system-err>
</testsuite>
